<?xml version="1.0" encoding="utf-8" standalone="no"?>
<!--This file represents the results of running a test suite-->
<test-results name="\\vmware-host\Shared Folders\Bureau\Desktop\IN'TECH\C#\ITI-InstagramEvents\ITI.InstagramEvents.Tests\bin\Debug\net461\ITI.InstagramEvents.Tests.dll" total="31" errors="29" failures="2" not-run="0" inconclusive="0" ignored="0" skipped="0" invalid="0" date="2018-03-12" time="18:03:57">
  <environment nunit-version="2.6.4.14350" clr-version="4.0.30319.42000" os-version="Microsoft Windows NT 6.2.9200.0" platform="Win32NT" cwd="\\vmware-host\Shared Folders\Bureau\Desktop\IN'TECH\C#\ITI-InstagramEvents\ITI.InstagramEvents.Tests" machine-name="WINDOWS10" user="Alexandre Babeu" user-domain="WINDOWS10" />
  <culture-info current-culture="fr-FR" current-uiculture="fr-FR" />
  <test-suite type="Assembly" name="\\vmware-host\Shared Folders\Bureau\Desktop\IN'TECH\C#\ITI-InstagramEvents\ITI.InstagramEvents.Tests\bin\Debug\net461\ITI.InstagramEvents.Tests.dll" executed="True" result="Failure" success="False" time="16.719" asserts="0">
    <results>
      <test-suite type="Namespace" name="ITI" executed="True" result="Failure" success="False" time="16.703" asserts="0">
        <results>
          <test-suite type="Namespace" name="InstagramEvents" executed="True" result="Failure" success="False" time="16.698" asserts="0">
            <results>
              <test-suite type="Namespace" name="Tests" executed="True" result="Failure" success="False" time="16.695" asserts="0">
                <results>
                  <test-suite type="TestFixture" name="PublicModelChecker" executed="True" result="Failure" success="False" time="9.368" asserts="0">
                    <results>
                      <test-case name="ITI.InstagramEvents.Tests.PublicModelChecker.public_API_is_not_modified" executed="True" result="Failure" success="False" time="9.349" asserts="1">
                        <failure>
                          <message><![CDATA[  Expected string length 3571 but was 8895. Strings differ at index 20.
  Expected: "<Assembly Name="ITI.MassageParlor"><Types><Type Name="ITI.Mas..."
  But was:  "<Assembly Name="ITI.InstagramEvents"><Types><Type Name="ITI.I..."
  -------------------------------^
]]></message>
                          <stack-trace><![CDATA[à ITI.InstagramEvents.Tests.PublicModelChecker.public_API_is_not_modified()
]]></stack-trace>
                        </failure>
                      </test-case>
                    </results>
                  </test-suite>
                  <test-suite type="TestFixture" name="T1UserObjectsLifeCycle" executed="True" result="Failure" success="False" time="5.751" asserts="0">
                    <results>
                      <test-case name="ITI.InstagramEvents.Tests.T1UserObjectsLifeCycle.t1_creating_named_users" executed="True" result="Failure" success="False" time="5.560" asserts="1">
                        <failure>
                          <message><![CDATA[  Expected: <System.ArgumentException>
  But was:  <System.NotImplementedException> (La méthode ou l'opération n'est pas implémentée.)
   à ITI.InstagramEvents.User..ctor(String username)
   à ITI.InstagramEvents.Tests.T1UserObjectsLifeCycle.<>c.<t1_creating_named_users>b__0_0()
   à NUnit.Framework.Assert.Throws(IResolveConstraint expression, TestDelegate code, String message, Object[] args)
]]></message>
                          <stack-trace><![CDATA[à ITI.InstagramEvents.Tests.T1UserObjectsLifeCycle.t1_creating_named_users()
]]></stack-trace>
                        </failure>
                      </test-case>
                      <test-case name="ITI.InstagramEvents.Tests.T1UserObjectsLifeCycle.t2_created_users_should_have_nothing_but_username" executed="True" result="Error" success="False" time="0.034" asserts="0">
                        <failure>
                          <message><![CDATA[System.NotImplementedException : La méthode ou l'opération n'est pas implémentée.]]></message>
                          <stack-trace><![CDATA[à ITI.InstagramEvents.User..ctor(String username)
à ITI.InstagramEvents.Tests.T1UserObjectsLifeCycle.t2_created_users_should_have_nothing_but_username()
]]></stack-trace>
                        </failure>
                      </test-case>
                      <test-case name="ITI.InstagramEvents.Tests.T1UserObjectsLifeCycle.t3_created_users_should_not_be_live_and_should_have_an_empty_messenger" executed="True" result="Error" success="False" time="0.031" asserts="0">
                        <failure>
                          <message><![CDATA[System.NotImplementedException : La méthode ou l'opération n'est pas implémentée.]]></message>
                          <stack-trace><![CDATA[à ITI.InstagramEvents.User..ctor(String username)
à ITI.InstagramEvents.Tests.T1UserObjectsLifeCycle.t3_created_users_should_not_be_live_and_should_have_an_empty_messenger()
]]></stack-trace>
                        </failure>
                      </test-case>
                      <test-case name="ITI.InstagramEvents.Tests.T1UserObjectsLifeCycle.t4_users_can_be_fullfilled" executed="True" result="Error" success="False" time="0.034" asserts="0">
                        <failure>
                          <message><![CDATA[System.NotImplementedException : La méthode ou l'opération n'est pas implémentée.]]></message>
                          <stack-trace><![CDATA[à ITI.InstagramEvents.User..ctor(String username)
à ITI.InstagramEvents.Tests.T1UserObjectsLifeCycle.t4_users_can_be_fullfilled()
]]></stack-trace>
                        </failure>
                      </test-case>
                      <test-case name="ITI.InstagramEvents.Tests.T1UserObjectsLifeCycle.t5_users_can_add_and_delete_their_posts_only" executed="True" result="Error" success="False" time="0.059" asserts="0">
                        <failure>
                          <message><![CDATA[System.NotImplementedException : La méthode ou l'opération n'est pas implémentée.]]></message>
                          <stack-trace><![CDATA[à ITI.InstagramEvents.User..ctor(String username)
à ITI.InstagramEvents.Tests.T1UserObjectsLifeCycle.t5_users_can_add_and_delete_their_posts_only()
]]></stack-trace>
                        </failure>
                      </test-case>
                    </results>
                  </test-suite>
                  <test-suite type="TestFixture" name="T2PostObjectsLifeCycle" executed="True" result="Failure" success="False" time="0.303" asserts="0">
                    <results>
                      <test-case name="ITI.InstagramEvents.Tests.T2PostObjectsLifeCycle.t1_created_posts_should_have_nothing_but_index_poster_content_optional_description_and_date" executed="True" result="Error" success="False" time="0.058" asserts="0">
                        <failure>
                          <message><![CDATA[System.NotImplementedException : La méthode ou l'opération n'est pas implémentée.]]></message>
                          <stack-trace><![CDATA[à ITI.InstagramEvents.User..ctor(String username)
à ITI.InstagramEvents.Tests.T2PostObjectsLifeCycle.t1_created_posts_should_have_nothing_but_index_poster_content_optional_description_and_date()
]]></stack-trace>
                        </failure>
                      </test-case>
                      <test-case name="ITI.InstagramEvents.Tests.T2PostObjectsLifeCycle.t2_posts_index_should_not_be_0_and_should_be_unique" executed="True" result="Error" success="False" time="0.059" asserts="0">
                        <failure>
                          <message><![CDATA[System.NotImplementedException : La méthode ou l'opération n'est pas implémentée.]]></message>
                          <stack-trace><![CDATA[à ITI.InstagramEvents.User..ctor(String username)
à ITI.InstagramEvents.Tests.T2PostObjectsLifeCycle.t2_posts_index_should_not_be_0_and_should_be_unique()
]]></stack-trace>
                        </failure>
                      </test-case>
                      <test-case name="ITI.InstagramEvents.Tests.T2PostObjectsLifeCycle.t3_posts_are_created_by_user_with_optional_description" executed="True" result="Error" success="False" time="0.036" asserts="0">
                        <failure>
                          <message><![CDATA[System.NotImplementedException : La méthode ou l'opération n'est pas implémentée.]]></message>
                          <stack-trace><![CDATA[à ITI.InstagramEvents.User..ctor(String username)
à ITI.InstagramEvents.Tests.T2PostObjectsLifeCycle.t3_posts_are_created_by_user_with_optional_description()
]]></stack-trace>
                        </failure>
                      </test-case>
                    </results>
                  </test-suite>
                  <test-suite type="TestFixture" name="T3UserActions" executed="True" result="Failure" success="False" time="0.237" asserts="0">
                    <results>
                      <test-case name="ITI.InstagramEvents.Tests.T3UserActions.t1_users_can_follow_and_unfollow_other_users" executed="True" result="Error" success="False" time="0.034" asserts="0">
                        <failure>
                          <message><![CDATA[System.NotImplementedException : La méthode ou l'opération n'est pas implémentée.]]></message>
                          <stack-trace><![CDATA[à ITI.InstagramEvents.User..ctor(String username)
à ITI.InstagramEvents.Tests.T3UserActions.t1_users_can_follow_and_unfollow_other_users()
]]></stack-trace>
                        </failure>
                      </test-case>
                      <test-case name="ITI.InstagramEvents.Tests.T3UserActions.t2_users_can_like_and_comment_posts_and_comments" executed="True" result="Error" success="False" time="0.117" asserts="0">
                        <failure>
                          <message><![CDATA[System.NotImplementedException : La méthode ou l'opération n'est pas implémentée.]]></message>
                          <stack-trace><![CDATA[à ITI.InstagramEvents.User..ctor(String username)
à ITI.InstagramEvents.Tests.T3UserActions.t2_users_can_like_and_comment_posts_and_comments()
]]></stack-trace>
                        </failure>
                      </test-case>
                      <test-case name="ITI.InstagramEvents.Tests.T3UserActions.t3_users_can_delete_their_comment_and_answer" executed="True" result="Error" success="False" time="0.035" asserts="0">
                        <failure>
                          <message><![CDATA[System.NotImplementedException : La méthode ou l'opération n'est pas implémentée.]]></message>
                          <stack-trace><![CDATA[à ITI.InstagramEvents.User..ctor(String username)
à ITI.InstagramEvents.Tests.T3UserActions.t3_users_can_delete_their_comment_and_answer()
]]></stack-trace>
                        </failure>
                      </test-case>
                      <test-case name="ITI.InstagramEvents.Tests.T3UserActions.t4_users_can_block_users" executed="True" result="Error" success="False" time="0.030" asserts="0">
                        <failure>
                          <message><![CDATA[System.NotImplementedException : La méthode ou l'opération n'est pas implémentée.]]></message>
                          <stack-trace><![CDATA[à ITI.InstagramEvents.User..ctor(String username)
à ITI.InstagramEvents.Tests.T3UserActions.t4_users_can_block_users()
]]></stack-trace>
                        </failure>
                      </test-case>
                    </results>
                  </test-suite>
                  <test-suite type="TestFixture" name="T4BlockingUsersConstraints" executed="True" result="Failure" success="False" time="0.145" asserts="0">
                    <results>
                      <test-case name="ITI.InstagramEvents.Tests.T4BlockingUsersConstraints.t1_blocked_user_can_not_follow_the_blocker_user" executed="True" result="Error" success="False" time="0.034" asserts="0">
                        <failure>
                          <message><![CDATA[System.NotImplementedException : La méthode ou l'opération n'est pas implémentée.]]></message>
                          <stack-trace><![CDATA[à ITI.InstagramEvents.User..ctor(String username)
à ITI.InstagramEvents.Tests.T4BlockingUsersConstraints.t1_blocked_user_can_not_follow_the_blocker_user()
]]></stack-trace>
                        </failure>
                      </test-case>
                      <test-case name="ITI.InstagramEvents.Tests.T4BlockingUsersConstraints.t2_blocked_user_can_not_like_or_comment_anything_of_blocker_user" executed="True" result="Error" success="False" time="0.030" asserts="0">
                        <failure>
                          <message><![CDATA[System.NotImplementedException : La méthode ou l'opération n'est pas implémentée.]]></message>
                          <stack-trace><![CDATA[à ITI.InstagramEvents.User..ctor(String username)
à ITI.InstagramEvents.Tests.T4BlockingUsersConstraints.t2_blocked_user_can_not_like_or_comment_anything_of_blocker_user()
]]></stack-trace>
                        </failure>
                      </test-case>
                      <test-case name="ITI.InstagramEvents.Tests.T4BlockingUsersConstraints.t3_blocked_user_cannot_send_message_to_blocker_user" executed="True" result="Error" success="False" time="0.070" asserts="0">
                        <failure>
                          <message><![CDATA[System.NotImplementedException : La méthode ou l'opération n'est pas implémentée.]]></message>
                          <stack-trace><![CDATA[à ITI.InstagramEvents.User..ctor(String username)
à ITI.InstagramEvents.Tests.T4BlockingUsersConstraints.t3_blocked_user_cannot_send_message_to_blocker_user()
]]></stack-trace>
                        </failure>
                      </test-case>
                    </results>
                  </test-suite>
                  <test-suite type="TestFixture" name="T5LikeAndCommentObjectsBehavior" executed="True" result="Failure" success="False" time="0.230" asserts="0">
                    <results>
                      <test-case name="ITI.InstagramEvents.Tests.T5LikeAndCommentObjectsBehavior.t1_created_comments_should_have_only_index_poster_parent_message_and_date" executed="True" result="Error" success="False" time="0.053" asserts="0">
                        <failure>
                          <message><![CDATA[System.NotImplementedException : La méthode ou l'opération n'est pas implémentée.]]></message>
                          <stack-trace><![CDATA[à ITI.InstagramEvents.User..ctor(String username)
à ITI.InstagramEvents.Tests.T5LikeAndCommentObjectsBehavior.t1_created_comments_should_have_only_index_poster_parent_message_and_date()
]]></stack-trace>
                        </failure>
                      </test-case>
                      <test-case name="ITI.InstagramEvents.Tests.T5LikeAndCommentObjectsBehavior.t2_comments_index_should_not_be_0_and_should_be_unique_for_each_parent" executed="True" result="Error" success="False" time="0.042" asserts="0">
                        <failure>
                          <message><![CDATA[System.NotImplementedException : La méthode ou l'opération n'est pas implémentée.]]></message>
                          <stack-trace><![CDATA[à ITI.InstagramEvents.User..ctor(String username)
à ITI.InstagramEvents.Tests.T5LikeAndCommentObjectsBehavior.t2_comments_index_should_not_be_0_and_should_be_unique_for_each_parent()
]]></stack-trace>
                        </failure>
                      </test-case>
                      <test-case name="ITI.InstagramEvents.Tests.T5LikeAndCommentObjectsBehavior.t3_likes_and_comments_should_be_attributed_likable_and_commentable_content" executed="True" result="Error" success="False" time="0.039" asserts="0">
                        <failure>
                          <message><![CDATA[System.NotImplementedException : La méthode ou l'opération n'est pas implémentée.]]></message>
                          <stack-trace><![CDATA[à ITI.InstagramEvents.User..ctor(String username)
à ITI.InstagramEvents.Tests.T5LikeAndCommentObjectsBehavior.t3_likes_and_comments_should_be_attributed_likable_and_commentable_content()
]]></stack-trace>
                        </failure>
                      </test-case>
                      <test-case name="ITI.InstagramEvents.Tests.T5LikeAndCommentObjectsBehavior.t4_comments_are_deleted_by_respective_parent" executed="True" result="Error" success="False" time="0.058" asserts="0">
                        <failure>
                          <message><![CDATA[System.NotImplementedException : La méthode ou l'opération n'est pas implémentée.]]></message>
                          <stack-trace><![CDATA[à ITI.InstagramEvents.User..ctor(String username)
à ITI.InstagramEvents.Tests.T5LikeAndCommentObjectsBehavior.t4_comments_are_deleted_by_respective_parent()
]]></stack-trace>
                        </failure>
                      </test-case>
                    </results>
                  </test-suite>
                  <test-suite type="TestFixture" name="T6ConversationObjectsLifeCycle" executed="True" result="Failure" success="False" time="0.176" asserts="0">
                    <results>
                      <test-case name="ITI.InstagramEvents.Tests.T6ConversationObjectsLifeCycle.t1_adding_conversation_should_be_reciprocal_between_users" executed="True" result="Error" success="False" time="0.077" asserts="0">
                        <failure>
                          <message><![CDATA[System.NotImplementedException : La méthode ou l'opération n'est pas implémentée.]]></message>
                          <stack-trace><![CDATA[à ITI.InstagramEvents.User..ctor(String username)
à ITI.InstagramEvents.Tests.T6ConversationObjectsLifeCycle.t1_adding_conversation_should_be_reciprocal_between_users()
]]></stack-trace>
                        </failure>
                      </test-case>
                      <test-case name="ITI.InstagramEvents.Tests.T6ConversationObjectsLifeCycle.t2_sending_message_should_update_both_conversations" executed="True" result="Error" success="False" time="0.037" asserts="0">
                        <failure>
                          <message><![CDATA[System.NotImplementedException : La méthode ou l'opération n'est pas implémentée.]]></message>
                          <stack-trace><![CDATA[à ITI.InstagramEvents.User..ctor(String username)
à ITI.InstagramEvents.Tests.T6ConversationObjectsLifeCycle.t2_sending_message_should_update_both_conversations()
]]></stack-trace>
                        </failure>
                      </test-case>
                      <test-case name="ITI.InstagramEvents.Tests.T6ConversationObjectsLifeCycle.t3_message_deletion_should_be_possible_by_conversation_sender_only" executed="True" result="Error" success="False" time="0.035" asserts="0">
                        <failure>
                          <message><![CDATA[System.NotImplementedException : La méthode ou l'opération n'est pas implémentée.]]></message>
                          <stack-trace><![CDATA[à ITI.InstagramEvents.User..ctor(String username)
à ITI.InstagramEvents.Tests.T6ConversationObjectsLifeCycle.t3_message_deletion_should_be_possible_by_conversation_sender_only()
]]></stack-trace>
                        </failure>
                      </test-case>
                    </results>
                  </test-suite>
                  <test-suite type="TestFixture" name="T7EventRaisingAndHandling" executed="True" result="Failure" success="False" time="0.407" asserts="0">
                    <results>
                      <test-case name="ITI.InstagramEvents.Tests.T7EventRaisingAndHandling.t1_follow_an_user_trigger_an_event" executed="True" result="Error" success="False" time="0.049" asserts="0">
                        <failure>
                          <message><![CDATA[System.NotImplementedException : La méthode ou l'opération n'est pas implémentée.]]></message>
                          <stack-trace><![CDATA[à ITI.InstagramEvents.User..ctor(String username)
à ITI.InstagramEvents.Tests.T7EventRaisingAndHandling.t1_follow_an_user_trigger_an_event()
]]></stack-trace>
                        </failure>
                      </test-case>
                      <test-case name="ITI.InstagramEvents.Tests.T7EventRaisingAndHandling.t2_send_a_message_to_an_user_trigger_an_event" executed="True" result="Error" success="False" time="0.097" asserts="0">
                        <failure>
                          <message><![CDATA[System.NotImplementedException : La méthode ou l'opération n'est pas implémentée.]]></message>
                          <stack-trace><![CDATA[à ITI.InstagramEvents.NotifEvent..ctor()
à ITI.InstagramEvents.Tests.T7EventRaisingAndHandling.t2_send_a_message_to_an_user_trigger_an_event()
]]></stack-trace>
                        </failure>
                      </test-case>
                      <test-case name="ITI.InstagramEvents.Tests.T7EventRaisingAndHandling.t3_like_a_post_trigger_an_event" executed="True" result="Error" success="False" time="0.034" asserts="0">
                        <failure>
                          <message><![CDATA[System.NotImplementedException : La méthode ou l'opération n'est pas implémentée.]]></message>
                          <stack-trace><![CDATA[à ITI.InstagramEvents.User..ctor(String username)
à ITI.InstagramEvents.Tests.T7EventRaisingAndHandling.t3_like_a_post_trigger_an_event()
]]></stack-trace>
                        </failure>
                      </test-case>
                      <test-case name="ITI.InstagramEvents.Tests.T7EventRaisingAndHandling.t4_like_a_comment_trigger_an_event" executed="True" result="Error" success="False" time="0.035" asserts="0">
                        <failure>
                          <message><![CDATA[System.NotImplementedException : La méthode ou l'opération n'est pas implémentée.]]></message>
                          <stack-trace><![CDATA[à ITI.InstagramEvents.User..ctor(String username)
à ITI.InstagramEvents.Tests.T7EventRaisingAndHandling.t4_like_a_comment_trigger_an_event()
]]></stack-trace>
                        </failure>
                      </test-case>
                      <test-case name="ITI.InstagramEvents.Tests.T7EventRaisingAndHandling.t5_comment_a_post_trigger_an_event" executed="True" result="Error" success="False" time="0.033" asserts="0">
                        <failure>
                          <message><![CDATA[System.NotImplementedException : La méthode ou l'opération n'est pas implémentée.]]></message>
                          <stack-trace><![CDATA[à ITI.InstagramEvents.User..ctor(String username)
à ITI.InstagramEvents.Tests.T7EventRaisingAndHandling.t5_comment_a_post_trigger_an_event()
]]></stack-trace>
                        </failure>
                      </test-case>
                      <test-case name="ITI.InstagramEvents.Tests.T7EventRaisingAndHandling.t6_answer_a_comment_trigger_an_event" executed="True" result="Error" success="False" time="0.041" asserts="0">
                        <failure>
                          <message><![CDATA[System.NotImplementedException : La méthode ou l'opération n'est pas implémentée.]]></message>
                          <stack-trace><![CDATA[à ITI.InstagramEvents.User..ctor(String username)
à ITI.InstagramEvents.Tests.T7EventRaisingAndHandling.t6_answer_a_comment_trigger_an_event()
]]></stack-trace>
                        </failure>
                      </test-case>
                      <test-case name="ITI.InstagramEvents.Tests.T7EventRaisingAndHandling.t7_start_a_live_trigger_an_event" executed="True" result="Error" success="False" time="0.039" asserts="0">
                        <failure>
                          <message><![CDATA[System.NotImplementedException : La méthode ou l'opération n'est pas implémentée.]]></message>
                          <stack-trace><![CDATA[à ITI.InstagramEvents.User..ctor(String username)
à ITI.InstagramEvents.Tests.T7EventRaisingAndHandling.t7_start_a_live_trigger_an_event()
]]></stack-trace>
                        </failure>
                      </test-case>
                      <test-case name="ITI.InstagramEvents.Tests.T7EventRaisingAndHandling.t8_like_a_message_trigger_an_event" executed="True" result="Error" success="False" time="0.033" asserts="0">
                        <failure>
                          <message><![CDATA[System.NotImplementedException : La méthode ou l'opération n'est pas implémentée.]]></message>
                          <stack-trace><![CDATA[à ITI.InstagramEvents.User..ctor(String username)
à ITI.InstagramEvents.Tests.T7EventRaisingAndHandling.t8_like_a_message_trigger_an_event()
]]></stack-trace>
                        </failure>
                      </test-case>
                    </results>
                  </test-suite>
                </results>
              </test-suite>
            </results>
          </test-suite>
        </results>
      </test-suite>
    </results>
  </test-suite>
</test-results>